<?xml version="1.0" encoding="UTF-8"?>
<!-- Generated by org.testng.reporters.JUnitReportReporter -->
<testsuite name="tests.BaseClass" tests="1" time="0.005" ignored="0" failures="0" timestamp="07 Oct 2020 09:48:53 GMT" skipped="0" hostname="NISBDFS128962-B" errors="0">
  <testcase name="myFirstTest" time="0.005" classname="tests.BaseClass"/>
</testsuite> <!-- tests.BaseClass -->
